[debug] [2020-05-01T08:16:15.784Z] ----------------------------------------------------------------------
[debug] [2020-05-01T08:16:15.787Z] Command:       /home/peeyush/.nvm/versions/node/v12.2.0/bin/node /home/peeyush/.nvm/versions/node/v12.2.0/bin/firebase serve
[debug] [2020-05-01T08:16:15.787Z] CLI Version:   8.0.3
[debug] [2020-05-01T08:16:15.787Z] Platform:      linux
[debug] [2020-05-01T08:16:15.787Z] Node Version:  v12.2.0
[debug] [2020-05-01T08:16:15.787Z] Time:          Fri May 01 2020 13:46:15 GMT+0530 (India Standard Time)
[debug] [2020-05-01T08:16:15.787Z] ----------------------------------------------------------------------
[debug] [2020-05-01T08:16:15.788Z] 
[debug] [2020-05-01T08:16:15.813Z] > command requires scopes: ["email","openid","https://www.googleapis.com/auth/cloudplatformprojects.readonly","https://www.googleapis.com/auth/firebase","https://www.googleapis.com/auth/cloud-platform"]
[debug] [2020-05-01T08:16:15.813Z] > authorizing via signed-in user
[debug] [2020-05-01T08:16:15.814Z] [iam] checking project light-ratio-240612 for permissions ["firebase.projects.get"]
[debug] [2020-05-01T08:16:15.817Z] > refreshing access token with scopes: ["email","https://www.googleapis.com/auth/cloud-platform","https://www.googleapis.com/auth/cloudplatformprojects.readonly","https://www.googleapis.com/auth/firebase","openid"]
[debug] [2020-05-01T08:16:15.817Z] >>> HTTP REQUEST POST https://www.googleapis.com/oauth2/v3/token  
 <request body omitted>
[debug] [2020-05-01T08:16:16.338Z] <<< HTTP RESPONSE 200 {"content-type":"application/json; charset=utf-8","vary":"X-Origin, Referer, Origin,Accept-Encoding","date":"Fri, 01 May 2020 08:16:16 GMT","server":"scaffolding on HTTPServer2","cache-control":"private","x-xss-protection":"0","x-frame-options":"SAMEORIGIN","x-content-type-options":"nosniff","alt-svc":"h3-Q050=\":443\"; ma=2592000,h3-Q049=\":443\"; ma=2592000,h3-Q048=\":443\"; ma=2592000,h3-Q046=\":443\"; ma=2592000,h3-Q043=\":443\"; ma=2592000,quic=\":443\"; ma=2592000; v=\"46,43\"","accept-ranges":"none","transfer-encoding":"chunked"}
[debug] [2020-05-01T08:16:16.699Z] >>> HTTP REQUEST POST https://cloudresourcemanager.googleapis.com/v1/projects/light-ratio-240612:testIamPermissions  
 {"permissions":["firebase.projects.get"]}
[debug] [2020-05-01T08:16:17.476Z] <<< HTTP RESPONSE 200 {"content-type":"application/json; charset=UTF-8","vary":"X-Origin, Referer, Origin,Accept-Encoding","date":"Fri, 01 May 2020 08:16:17 GMT","server":"ESF","cache-control":"private","x-xss-protection":"0","x-frame-options":"SAMEORIGIN","x-content-type-options":"nosniff","server-timing":"gfet4t7; dur=261","alt-svc":"h3-Q050=\":443\"; ma=2592000,h3-Q049=\":443\"; ma=2592000,h3-Q048=\":443\"; ma=2592000,h3-Q046=\":443\"; ma=2592000,h3-Q043=\":443\"; ma=2592000,quic=\":443\"; ma=2592000; v=\"46,43\"","accept-ranges":"none","transfer-encoding":"chunked"}
[debug] [2020-05-01T08:16:17.479Z] >>> HTTP REQUEST GET https://firebase.googleapis.com/v1beta1/projects/light-ratio-240612  
 
[debug] [2020-05-01T08:16:18.218Z] <<< HTTP RESPONSE 200 {"content-type":"application/json; charset=UTF-8","vary":"X-Origin, Referer, Origin,Accept-Encoding","date":"Fri, 01 May 2020 08:16:18 GMT","server":"ESF","cache-control":"private","x-xss-protection":"0","x-frame-options":"SAMEORIGIN","x-content-type-options":"nosniff","alt-svc":"h3-Q050=\":443\"; ma=2592000,h3-Q049=\":443\"; ma=2592000,h3-Q048=\":443\"; ma=2592000,h3-Q046=\":443\"; ma=2592000,h3-Q043=\":443\"; ma=2592000,h3-T050=\":443\"; ma=2592000,quic=\":443\"; ma=2592000; v=\"46,43\"","accept-ranges":"none","transfer-encoding":"chunked"}
[info] 
[info] === Serving from '/home/peeyush/Projects/Bhookmark/app'...
[info] 
[debug] [2020-05-01T08:16:18.224Z] >>> HTTP REQUEST GET https://firebase.googleapis.com/v1beta1/projects/light-ratio-240612/webApps/-/config  
 
[debug] [2020-05-01T08:16:19.604Z] <<< HTTP RESPONSE 200 {"content-type":"application/json; charset=UTF-8","vary":"X-Origin, Referer, Origin,Accept-Encoding","date":"Fri, 01 May 2020 08:16:19 GMT","server":"ESF","cache-control":"private","x-xss-protection":"0","x-frame-options":"SAMEORIGIN","x-content-type-options":"nosniff","alt-svc":"h3-Q050=\":443\"; ma=2592000,h3-Q049=\":443\"; ma=2592000,h3-Q048=\":443\"; ma=2592000,h3-Q046=\":443\"; ma=2592000,h3-Q043=\":443\"; ma=2592000,h3-T050=\":443\"; ma=2592000,quic=\":443\"; ma=2592000; v=\"46,43\"","accept-ranges":"none","transfer-encoding":"chunked"}
[info] i  hosting: Serving hosting files from: build
[info] ✔  hosting: Local server: http://localhost:5000
